Selected algorithm = MODIFIED_POLICY_ITERATION
Selected reward strategy = EMBEDDED
Selected environment = autoV2
Load classical B Machine
Load success
Exploration strategy = PREPROCESS
Start exploration
.Model Checking complete. No error nodes found.Total states: 2831

End of exploration 2830 | Exploration time: 0.457598225 seconds
Start learning (Modified Policy Iteration)
Iteration: 1 | policy stable: false
Iteration: 2 | policy stable: false
Iteration: 3 | policy stable: false
Iteration: 4 | policy stable: false
Iteration: 5 | policy stable: false
Iteration: 6 | policy stable: false
Iteration: 7 | policy stable: false
Iteration: 8 | policy stable: false
Iteration: 9 | policy stable: false
Iteration: 10 | policy stable: false
Iteration: 11 | policy stable: false
Iteration: 12 | policy stable: true
Execution time (MPI): 6.380845397 seconds
Nb states discovered (env): 2830
Interactive play is only supported for TicTacToe. Skipping step-by-step display.
