Selected algorithm = INCREMENTAL_VALUE_ITERATION
Selected reward strategy = EMBEDDED
Selected environment = autoV2
Load classical B Machine
Load success
Exploration strategy = PREPROCESS
Start exploration
.Model Checking complete. No error nodes found.Total states: 2831

End of exploration 2830 | Exploration time: 0.526007673 seconds
Start learning (Incremental Value Iteration)
Iteration: 1 | delta: 10000.0
Iteration: 2 | delta: 3082.0
Iteration: 3 | delta: 10000.0
Iteration: 4 | delta: 10000.0
Iteration: 5 | delta: 10150.0
Iteration: 6 | delta: 3420.8033689600006
Iteration: 7 | delta: 10000.0
Iteration: 8 | delta: 3566.6426951680005
Iteration: 9 | delta: 3587.9447040000005
Iteration: 10 | delta: 3664.7308800000005
Iteration: 11 | delta: 3726.2513249075205
Iteration: 12 | delta: 3667.3141561344005
Iteration: 13 | delta: 4094.433768448001
Iteration: 14 | delta: 10000.0
Iteration: 15 | delta: 3745.7461561344007
Iteration: 16 | delta: 4247.880071556302
Iteration: 17 | delta: 4208.643245796034
Iteration: 18 | delta: 3682.7861561344007
Iteration: 19 | delta: 10000.0
Iteration: 20 | delta: 4353.880071556302
Iteration: 21 | delta: 4248.304057245042
Iteration: 22 | delta: 2850.9796884480006
Iteration: 23 | delta: 3566.2289249075206
Iteration: 24 | delta: 2728.9796884480006
Iteration: 25 | delta: 4106.011677309461
Iteration: 26 | delta: 2497.8600081408003
Iteration: 27 | delta: 3344.4
Iteration: 28 | delta: 2634.4862056736365
Iteration: 29 | delta: 3694.0
Iteration: 30 | delta: 3334.6432457960336
Iteration: 31 | delta: 3281.686205673637
Iteration: 32 | delta: 2935.2000000000007
Iteration: 33 | delta: 3422.0
Iteration: 34 | delta: 2746.4
Iteration: 35 | delta: 4412.789277309462
Iteration: 36 | delta: 3355.9837507584007
Iteration: 37 | delta: 2184.0
Iteration: 38 | delta: 2998.043590388765
Iteration: 39 | delta: 2092.0
Iteration: 40 | delta: 2955.2000000000007
Iteration: 41 | delta: 2684.7870006067205
Iteration: 42 | delta: 2425.7599999999998
Iteration: 43 | delta: 2737.6000000000004
Iteration: 44 | delta: 2737.6000000000004
Iteration: 45 | delta: 2316.1600000000008
Iteration: 46 | delta: 3997.6000000000004
Iteration: 47 | delta: 3185.12
Iteration: 48 | delta: 2316.1600000000008
Iteration: 49 | delta: 3330.2944879859556
Iteration: 50 | delta: 2604.4
Iteration: 51 | delta: 4064.2944879859556
Iteration: 52 | delta: 2905.2000000000003
Iteration: 53 | delta: 3740.8639999999996
Iteration: 54 | delta: 2789.5200000000004
Iteration: 55 | delta: 2416.1600000000008
Iteration: 56 | delta: 2316.1600000000008
Iteration: 57 | delta: 2049.5200000000004
Iteration: 58 | delta: 2603.264
Iteration: 59 | delta: 2500.8639999999996
Iteration: 60 | delta: 1692.8640000000005
Iteration: 61 | delta: 1569.6640000000004
Iteration: 62 | delta: 2852.528000000001
Iteration: 63 | delta: 1618.7200000000003
Iteration: 64 | delta: 2314.8640000000005
Iteration: 65 | delta: 1750.8639999999996
Iteration: 66 | delta: 3383.264
Iteration: 67 | delta: 3588.1600000000008
Iteration: 68 | delta: 2026.5280000000007
Iteration: 69 | delta: 2870.528000000001
Iteration: 70 | delta: 1457.932800000001
Iteration: 71 | delta: 1959.4912
Iteration: 72 | delta: 2797.8112
Iteration: 73 | delta: 1549.9571200000003
Iteration: 74 | delta: 2785.8912
Iteration: 75 | delta: 2870.528000000001
Iteration: 76 | delta: 1873.2832768000005
Iteration: 77 | delta: 2770.528000000001
Iteration: 78 | delta: 2228.71296
Iteration: 79 | delta: 1288.5280000000007
Iteration: 80 | delta: 1426.4063999999998
Iteration: 81 | delta: 2281.51296
Iteration: 82 | delta: 2000.7129599999998
Iteration: 83 | delta: 1784.8224000000014
Iteration: 84 | delta: 1679.2103680000005
Iteration: 85 | delta: 1312.7129600000003
Iteration: 86 | delta: 2735.8912
Iteration: 87 | delta: 1401.7152768
Iteration: 88 | delta: 1630.5703680000001
Iteration: 89 | delta: 2114.7129600000007
Iteration: 90 | delta: 2114.71296
Iteration: 91 | delta: 1861.801789440001
Iteration: 92 | delta: 1466.3694571520005
Iteration: 93 | delta: 1196.9779200000003
Iteration: 94 | delta: 2188.7129600000007
Iteration: 95 | delta: 897.0977771520002
Iteration: 96 | delta: 1691.7703680000009
Iteration: 97 | delta: 1017.7779200000004
Iteration: 98 | delta: 1691.770368
Iteration: 99 | delta: 1196.9779200000003
Iteration: 100 | delta: 907.5823360000004
Iteration: 101 | delta: 902.5423359999995
Iteration: 102 | delta: 1230.2489600000004
Iteration: 103 | delta: 1017.9994214400003
Iteration: 104 | delta: 2096.170368000001
Iteration: 105 | delta: 1456.1217894400002
Iteration: 106 | delta: 638.273457152
Iteration: 107 | delta: 1384.5903360000002
Iteration: 108 | delta: 910.0722687999996
Iteration: 109 | delta: 827.2578150399995
Iteration: 110 | delta: 1274.0417894400007
Iteration: 111 | delta: 1213.1522150399996
Iteration: 112 | delta: 849.3890355199992
Iteration: 113 | delta: 884.4488257758976
Iteration: 114 | delta: 664.1778687999995
Iteration: 115 | delta: 801.6578150400001
Iteration: 116 | delta: 761.1245027327996
Iteration: 117 | delta: 1715.52021504
Iteration: 118 | delta: 791.7594214399999
Iteration: 119 | delta: 607.1976959999993
Iteration: 120 | delta: 934.0722687999996
Iteration: 121 | delta: 1163.1522150399996
Iteration: 122 | delta: 895.2151221862396
Iteration: 123 | delta: 664.0845027327996
Iteration: 124 | delta: 1028.9620971519998
Iteration: 125 | delta: 934.0722687999996
Iteration: 126 | delta: 1093.762097152
Iteration: 127 | delta: 841.3830606207184
Iteration: 128 | delta: 617.8703114556538
Iteration: 129 | delta: 478.1843406207181
Iteration: 130 | delta: 700.7368016494602
Iteration: 131 | delta: 875.0096777216004
Iteration: 132 | delta: 941.9210020618248
Iteration: 133 | delta: 1581.6730214400006
Iteration: 134 | delta: 402.76631636452294
Iteration: 135 | delta: 553.8649936494594
Iteration: 136 | delta: 665.4881078378075
Iteration: 137 | delta: 538.4851587972594
Iteration: 138 | delta: 449.7811587972592
Iteration: 139 | delta: 827.4868493195681
Iteration: 140 | delta: 476.2645613772802
Iteration: 141 | delta: 448.00495499345925
Iteration: 142 | delta: 429.09620553393233
Iteration: 143 | delta: 528.1811587972597
Iteration: 144 | delta: 398.2115209215999
Iteration: 145 | delta: 359.82492703780736
Iteration: 146 | delta: 358.40396399476776
Iteration: 147 | delta: 625.4881078378075
Iteration: 148 | delta: 337.33353511209407
Iteration: 149 | delta: 233.5773192814595
Iteration: 150 | delta: 531.8798531467669
Iteration: 151 | delta: 614.2611587972606
Iteration: 152 | delta: 756.1336670702458
Iteration: 153 | delta: 753.5368016494604
Iteration: 154 | delta: 404.9134215339318
Iteration: 155 | delta: 391.4007351120945
Iteration: 156 | delta: 604.906933656197
Iteration: 157 | delta: 483.9255469249574
Iteration: 158 | delta: 483.9255469249574
Iteration: 159 | delta: 602.8294413195681
Iteration: 160 | delta: 430.7881270378075
Iteration: 161 | delta: 309.71235003197216
Iteration: 162 | delta: 400.31238901619736
Iteration: 163 | delta: 383.06972703780775
Iteration: 164 | delta: 393.12714163024657
Iteration: 165 | delta: 128.6423722789168
Iteration: 166 | delta: 175.96475330419707
Iteration: 167 | delta: 314.501713304197
Iteration: 168 | delta: 387.094155071356
Iteration: 169 | delta: 270.3564369469923
Iteration: 170 | delta: 309.67532405708425
Iteration: 171 | delta: 135.96464211468628
Iteration: 172 | delta: 240.93755330419663
Iteration: 173 | delta: 103.89794955759498
Iteration: 174 | delta: 141.0383289703659
Iteration: 175 | delta: 198.2159040204633
Iteration: 176 | delta: 306.3653861837404
Iteration: 177 | delta: 158.5537659172278
Iteration: 178 | delta: 148.47464346313336
Iteration: 179 | delta: 79.90393419371958
Iteration: 180 | delta: 63.03660013879107
Iteration: 181 | delta: 102.85604473736976
Iteration: 182 | delta: 269.4400581271948
Iteration: 183 | delta: 198.1922073965352
Iteration: 184 | delta: 158.5537659172278
Iteration: 185 | delta: 51.13851788398097
Iteration: 186 | delta: 26.963094991632715
Iteration: 187 | delta: 42.129835924426516
Iteration: 188 | delta: 287.7695461837402
Iteration: 189 | delta: 33.703868739541576
Iteration: 190 | delta: 215.55204650175529
Iteration: 191 | delta: 230.21563694699216
Iteration: 192 | delta: 50.42928011103322
Iteration: 193 | delta: 66.49468771686043
Iteration: 194 | delta: 81.17952814962155
Iteration: 195 | delta: 65.82786863191632
Iteration: 196 | delta: 26.963094991632715
Iteration: 197 | delta: 22.952152861270406
Iteration: 198 | delta: 35.862738845735294
Iteration: 199 | delta: 28.690191076588235
Iteration: 200 | delta: 42.129835924426516
Iteration: 201 | delta: 64.94362251969778
Iteration: 202 | delta: 26.963094991632715
Iteration: 203 | delta: 21.5704759933069
Iteration: 204 | delta: 21.5704759933069
Iteration: 205 | delta: 17.256380794645338
Iteration: 206 | delta: 13.805104635716816
Iteration: 207 | delta: 13.805104635716816
Iteration: 208 | delta: 13.805104635716816
Iteration: 209 | delta: 13.805104635716816
Iteration: 210 | delta: 33.703868739541576
Iteration: 211 | delta: 33.703868739541576
Iteration: 212 | delta: 26.963094991632715
Iteration: 213 | delta: 26.963094991632715
Iteration: 214 | delta: 13.805104635716816
Iteration: 215 | delta: 2.34138130879478
Iteration: 216 | delta: 42.129835924425606
Iteration: 217 | delta: 25.81979141684951
Iteration: 218 | delta: 33.703868739541576
Iteration: 219 | delta: 26.963094991632715
Iteration: 220 | delta: 21.5704759933069
Iteration: 221 | delta: 21.5704759933069
Iteration: 222 | delta: 26.963094991632715
Iteration: 223 | delta: 17.256380794645338
Iteration: 224 | delta: 21.5704759933069
Iteration: 225 | delta: 13.805104635716816
Iteration: 226 | delta: 0.6058989121830791
Iteration: 227 | delta: 0.586071863637244
Iteration: 228 | delta: 0.6123248375845947
Iteration: 229 | delta: 0.24226372078010172
Iteration: 230 | delta: 0.3877753037968432
Iteration: 231 | delta: 13.805104635716816
Iteration: 232 | delta: 0.6019899285820429
Iteration: 233 | delta: 17.256380794645338
Iteration: 234 | delta: 0.4847191297463951
Iteration: 235 | delta: 0.38527355429255294
Iteration: 236 | delta: 0.3082188434340196
Iteration: 237 | delta: 0.37853706371697626
Iteration: 238 | delta: 0.30934969037662086
Iteration: 239 | delta: 0.3028296509737629
Iteration: 240 | delta: 0.3707721539899467
Iteration: 241 | delta: 0.24226372078010172
Iteration: 242 | delta: 0.14689873204770265
Iteration: 243 | delta: 0.15708430579525157
Iteration: 244 | delta: 0.29661772319195734
Iteration: 245 | delta: 0.23729417855361135
Iteration: 246 | delta: 0.19381097662335378
Iteration: 247 | delta: 0.12403902503911013
Iteration: 248 | delta: 0.15838704147290628
Iteration: 249 | delta: 0.19726005979771344
Iteration: 250 | delta: 0.09923122003147
Iteration: 251 | delta: 0.29661772319195734
Iteration: 252 | delta: 0.15504878129831923
Iteration: 253 | delta: 0.09923122003147
Iteration: 254 | delta: 0.15363522262123297
Iteration: 255 | delta: 0.15780804783821623
Iteration: 256 | delta: 0.12290817809696364
Iteration: 257 | delta: 0.12403902504001962
Iteration: 258 | delta: 0.09180650307689575
Iteration: 259 | delta: 1.493768498019108
Iteration: 260 | delta: 0.19381097662426328
Iteration: 261 | delta: 0.3918878960539587
Iteration: 262 | delta: 0.06350798081984976
Iteration: 263 | delta: 0.06350798081984976
Iteration: 264 | delta: 0.1262464382706412
Iteration: 265 | delta: 0.100997150616422
Iteration: 266 | delta: 0.0807977204931376
Iteration: 267 | delta: 0.05080638465551601
Iteration: 268 | delta: 0.0793849760248122
Iteration: 269 | delta: 0.0793849760248122
Iteration: 270 | delta: 0.05034318974867347
Iteration: 271 | delta: 0.06350798081984976
Iteration: 272 | delta: 0.10136770654253269
Iteration: 273 | delta: 0.03647309671760013
Iteration: 274 | delta: 0.0810941652339352
Iteration: 275 | delta: 0.05080638465551601
Iteration: 276 | delta: 0.05080638465551601
Iteration: 277 | delta: 0.06463817639451008
Iteration: 278 | delta: 0.05080638465551601
Iteration: 279 | delta: 0.04904045407090507
Iteration: 280 | delta: 0.040274551798574976
Iteration: 281 | delta: 0.04559137089700016
Iteration: 282 | delta: 0.040645107725140406
Iteration: 283 | delta: 0.03251608617938473
Iteration: 284 | delta: 0.06463817639451008
Iteration: 285 | delta: 0.03850862121407772
Iteration: 286 | delta: 0.032219641439951374
Iteration: 287 | delta: 0.05171054111565354
Iteration: 288 | delta: 0.032219641439951374
Iteration: 289 | delta: 0.03647309671760013
Iteration: 290 | delta: 0.032219641439951374
Iteration: 291 | delta: 0.03923236325670132
Iteration: 292 | delta: 0.032219641439951374
Iteration: 293 | delta: 0.025775713152143
Iteration: 294 | delta: 0.03138589060472441
Iteration: 295 | delta: 0.025775713152143
Iteration: 296 | delta: 0.02917847737410284
Iteration: 297 | delta: 0.025775713152143
Iteration: 298 | delta: 0.030806896971171227
Iteration: 299 | delta: 0.040645107725140406
Iteration: 300 | delta: 0.025775713152143
Iteration: 301 | delta: 0.0206205705217144
Iteration: 302 | delta: 0.03251608617938473
Iteration: 303 | delta: 0.020620570520804904
Iteration: 304 | delta: 0.01540257532343503
Iteration: 305 | delta: 0.0206205705217144
Iteration: 306 | delta: 0.016866798902810842
Iteration: 307 | delta: 0.010794751297908078
Iteration: 308 | delta: 0.013493439122612472
Iteration: 309 | delta: 0.01649645641737152
Iteration: 310 | delta: 0.013197165133988165
Iteration: 311 | delta: 0.013493439122612472
Iteration: 312 | delta: 0.016866798902810842
Iteration: 313 | delta: 0.01649645641737152
Iteration: 314 | delta: 0.0329429666071519
Iteration: 315 | delta: 0.013493439122612472
Iteration: 316 | delta: 0.01649645641691677
Iteration: 317 | delta: 0.006908640831170487
Iteration: 318 | delta: 0.013197165133533417
Iteration: 319 | delta: 0.010794751297908078
Iteration: 320 | delta: 0.026354373285357724
Iteration: 321 | delta: 0.008446185685897944
Iteration: 322 | delta: 0.016866798902810842
Iteration: 323 | delta: 0.02108349862828618
Iteration: 324 | delta: 0.01364513140379131
Iteration: 325 | delta: 0.010794751297453331
Iteration: 326 | delta: 0.008635801038963109
Iteration: 327 | delta: 0.006981962106692663
Iteration: 328 | delta: 0.010916105122305453
Iteration: 329 | delta: 0.008732884097753413
Iteration: 330 | delta: 0.016866798903720337
Iteration: 331 | delta: 0.006986307278566528
Iteration: 332 | delta: 0.006908640831170487
Iteration: 333 | delta: 0.006908640831170487
Iteration: 334 | delta: 0.006908640831170487
Iteration: 335 | delta: 0.0080758431997765
Iteration: 336 | delta: 0.013493439122612472
Iteration: 337 | delta: 0.00844618568567057
Iteration: 338 | delta: 0.006908640831170487
Iteration: 339 | delta: 0.006756948548627406
Iteration: 340 | delta: 0.010794751297908078
Iteration: 341 | delta: 0.008635801038053614
Iteration: 342 | delta: 0.005526912665118289
Iteration: 343 | delta: 0.005526912665118289
Iteration: 344 | delta: 0.006908640831170487
Iteration: 345 | delta: 0.006119170218880754
Iteration: 346 | delta: 0.006756948548172659
Iteration: 347 | delta: 0.005589045823398919
Iteration: 348 | delta: 0.004471236658901034
Iteration: 349 | delta: 0.00442153013227653
Iteration: 350 | delta: 0.004895336174740805
Iteration: 351 | delta: 0.004471236658901034
Iteration: 352 | delta: 0.003916268939519796
Iteration: 353 | delta: 0.005589045823398919
Iteration: 354 | delta: 0.004471236658901034
Iteration: 355 | delta: 0.0035769893265751307
Iteration: 356 | delta: 0.005589045823398919
Iteration: 357 | delta: 0.0035769893274846254
Iteration: 358 | delta: 0.004471236658901034
Iteration: 359 | delta: 0.0035769893274846254
Iteration: 360 | delta: 0.003916268939974543
Iteration: 361 | delta: 0.003537224105457426
Iteration: 362 | delta: 0.0035769893265751307
Iteration: 363 | delta: 0.0031330151523434324
Iteration: 364 | delta: 0.0035769893265751307
Iteration: 365 | delta: 0.0028615914616239024
Iteration: 366 | delta: 0.0035769893265751307
Iteration: 367 | delta: 0.0035769893265751307
Iteration: 368 | delta: 0.002506412121874746
Iteration: 369 | delta: 0.003133015151888685
Iteration: 370 | delta: 0.0020051296974088473
Iteration: 371 | delta: 0.005589045823398919
Iteration: 372 | delta: 0.0022638234277110314
Iteration: 373 | delta: 0.002289273168571526
Iteration: 374 | delta: 0.004471236658901034
Iteration: 375 | delta: 0.0035769893265751307
Iteration: 376 | delta: 0.0035769893265751307
Iteration: 377 | delta: 0.002506412121874746
Iteration: 378 | delta: 0.0020051296974088473
Iteration: 379 | delta: 0.0022638234277110314
Iteration: 380 | delta: 0.002506412121874746
Iteration: 381 | delta: 0.0035769893274846254
Iteration: 382 | delta: 0.0028615914616239024
Iteration: 383 | delta: 0.0028615914616239024
Iteration: 384 | delta: 0.001811058742532623
Iteration: 385 | delta: 0.0014488469942079973
Iteration: 386 | delta: 0.0014488469942079973
Iteration: 387 | delta: 0.001283283007069258
Iteration: 388 | delta: 0.0028297792846387892
Iteration: 389 | delta: 0.0022638234277110314
Iteration: 390 | delta: 0.0011590775957301958
Iteration: 391 | delta: 0.0016041037579270778
Iteration: 392 | delta: 0.002289273169481021
Iteration: 393 | delta: 0.0012832830066145107
Iteration: 394 | delta: 9.272620764022577E-4
Iteration: 395 | delta: 0.0028615914616239024
Iteration: 396 | delta: 0.0016041037579270778
Iteration: 397 | delta: 0.0018314185363124125
Iteration: 398 | delta: 0.002289273169481021
Iteration: 399 | delta: 7.418096611218061E-4
Iteration: 400 | delta: 7.418096611218061E-4
Iteration: 401 | delta: 0.0018314185354029178
Iteration: 402 | delta: 0.0010266264052916085
Iteration: 403 | delta: 8.213011242332868E-4
Iteration: 404 | delta: 0.0011590775957301958
Iteration: 405 | delta: 8.467655334243318E-4
Iteration: 406 | delta: 7.418096611218061E-4
Iteration: 407 | delta: 8.213011237785395E-4
Iteration: 408 | delta: 8.213011246880342E-4
Iteration: 409 | delta: 7.418096611218061E-4
Iteration: 410 | delta: 5.93447728533647E-4
Iteration: 411 | delta: 0.0010266264057463559
Iteration: 412 | delta: 7.418096611218061E-4
Iteration: 413 | delta: 7.418096611218061E-4
Iteration: 414 | delta: 9.272620764022577E-4
Iteration: 415 | delta: 4.205061759421369E-4
Iteration: 416 | delta: 0.0014651348283223342
Iteration: 417 | delta: 6.774124267394654E-4
Iteration: 418 | delta: 5.93447728533647E-4
Iteration: 419 | delta: 0.0011721078626578674
Iteration: 420 | delta: 5.549677189264912E-4
Iteration: 421 | delta: 3.265425052632054E-4
Iteration: 422 | delta: 4.797967826561944E-4
Iteration: 423 | delta: 5.419299413915724E-4
Iteration: 424 | delta: 5.256327194729238E-4
Iteration: 425 | delta: 4.439741755959403E-4
Iteration: 426 | delta: 4.0817813078319887E-4
Iteration: 427 | delta: 3.5837301629726426E-4
Iteration: 428 | delta: 2.867543644242687E-4
Iteration: 429 | delta: 4.3354395256756106E-4
Iteration: 430 | delta: 4.3354395256756106E-4
Iteration: 431 | delta: 4.4397417514119297E-4
Iteration: 432 | delta: 3.4683516150835203E-4
Iteration: 433 | delta: 4.3354395256756106E-4
Iteration: 434 | delta: 3.5517934020390385E-4
Iteration: 435 | delta: 4.0817813078319887E-4
Iteration: 436 | delta: 3.2654250480845803E-4
Iteration: 437 | delta: 3.2654250480845803E-4
Iteration: 438 | delta: 2.8669841231021564E-4
Iteration: 439 | delta: 3.2654250480845803E-4
Iteration: 440 | delta: 3.4683516150835203E-4
Iteration: 441 | delta: 4.04208953568741E-4
Iteration: 442 | delta: 3.2654250480845803E-4
Iteration: 443 | delta: 3.2654250480845803E-4
Iteration: 444 | delta: 3.4683516150835203E-4
Iteration: 445 | delta: 4.686061874963343E-4
Iteration: 446 | delta: 3.2654250480845803E-4
Iteration: 447 | delta: 2.7746812975237845E-4
Iteration: 448 | delta: 2.8669841231021564E-4
Iteration: 449 | delta: 2.2935872948437463E-4
Iteration: 450 | delta: 2.69123951511574E-4
Iteration: 451 | delta: 2.7746812975237845E-4
Iteration: 452 | delta: 3.7488494945137063E-4
Iteration: 453 | delta: 2.6123400402866537E-4
Iteration: 454 | delta: 2.7746812975237845E-4
Iteration: 455 | delta: 1.9652476203191327E-4
Iteration: 456 | delta: 2.089872032229323E-4
Iteration: 457 | delta: 2.6123400402866537E-4
Iteration: 458 | delta: 2.089872032229323E-4
Iteration: 459 | delta: 2.456559523125179E-4
Iteration: 460 | delta: 2.6123400402866537E-4
Iteration: 461 | delta: 1.9652476203191327E-4
Iteration: 462 | delta: 3.4683516150835203E-4
Iteration: 463 | delta: 1.7757960267772432E-4
Iteration: 464 | delta: 1.6718976257834584E-4
Iteration: 465 | delta: 1.5721980889793485E-4
Iteration: 466 | delta: 1.7757960267772432E-4
Iteration: 467 | delta: 3.7488494945137063E-4
Iteration: 468 | delta: 2.6123400402866537E-4
Iteration: 469 | delta: 2.089872032229323E-4
Iteration: 470 | delta: 1.4206368268787628E-4
Iteration: 471 | delta: 2.9990796065249015E-4
Iteration: 472 | delta: 1.4206368177838158E-4
Iteration: 473 | delta: 3.714671743182407E-4
Iteration: 474 | delta: 1.377914650220191E-4
Iteration: 475 | delta: 2.9990795974299544E-4
Iteration: 476 | delta: 2.2197450380190276E-4
Iteration: 477 | delta: 2.3773899215484562E-4
Iteration: 478 | delta: 1.2284229978831718E-4
Iteration: 479 | delta: 2.3992636852199212E-4
Iteration: 480 | delta: 1.0062067849503364E-4
Iteration: 481 | delta: 1.9194109518139157E-4
Iteration: 482 | delta: 1.535528763270122E-4
Iteration: 483 | delta: 2.9717373990933993E-4
Iteration: 484 | delta: 2.3992636761249742E-4
Iteration: 485 | delta: 1.535528754175175E-4
Iteration: 486 | delta: 1.521529552519496E-4
Iteration: 487 | delta: 1.1365094542270526E-4
Iteration: 488 | delta: 1.7757960358721903E-4
Iteration: 489 | delta: 1.4206368268787628E-4
Iteration: 490 | delta: 1.818518212530762E-4
Iteration: 491 | delta: 7.054922934912611E-5
Iteration: 492 | delta: 1.521529552519496E-4
Iteration: 493 | delta: 1.4548145736625884E-4
Iteration: 494 | delta: 1.4548145736625884E-4
Iteration: 495 | delta: 1.2284230024306453E-4
Iteration: 496 | delta: 5.8189284573018085E-5
Iteration: 497 | delta: 1.2172236415608495E-4
Iteration: 498 | delta: 9.737789105201955E-5
Iteration: 499 | delta: 1.2172236415608495E-4
Iteration: 500 | delta: 1.1638516571110813E-4
Iteration: 501 | delta: 9.625795610190835E-5
Iteration: 502 | delta: 1.1365094542270526E-4
Iteration: 503 | delta: 9.737789127939322E-5
Iteration: 504 | delta: 7.700636479057721E-5
Iteration: 505 | delta: 7.448650603691931E-5
Iteration: 506 | delta: 6.160509155961336E-5
Iteration: 507 | delta: 7.86190721555613E-5
Iteration: 508 | delta: 1.1638516571110813E-4
Iteration: 509 | delta: 4.655142720366712E-5
Iteration: 510 | delta: 1.1638516571110813E-4
Iteration: 511 | delta: 1.2284229978831718E-4
Iteration: 512 | delta: 5.1517786687327316E-5
Iteration: 513 | delta: 3.078400720823993E-5
Iteration: 514 | delta: 4.9857480121318076E-5
Iteration: 515 | delta: 9.827383973970427E-5
Iteration: 516 | delta: 5.958920496595965E-5
Iteration: 517 | delta: 9.310813265983597E-5
Iteration: 518 | delta: 7.861907192818762E-5
Iteration: 519 | delta: 2.979291366500547E-5
Iteration: 520 | delta: 5.0976771944988286E-5
Iteration: 521 | delta: 5.031620639783796E-5
Iteration: 522 | delta: 3.813709099631524E-5
Iteration: 523 | delta: 9.310813265983597E-5
Iteration: 524 | delta: 7.448650603691931E-5
Iteration: 525 | delta: 4.078141728314222E-5
Iteration: 526 | delta: 7.86190721555613E-5
Iteration: 527 | delta: 3.2625133826513775E-5
Iteration: 528 | delta: 3.050967279705219E-5
Iteration: 529 | delta: 2.523344574001385E-5
Iteration: 530 | delta: 7.448650603691931E-5
Iteration: 531 | delta: 1.906746456370456E-5
Iteration: 532 | delta: 6.289525776992377E-5
Iteration: 533 | delta: 4.767136397276772E-5
Iteration: 534 | delta: 6.289525799729745E-5
Iteration: 535 | delta: 2.440773880607594E-5
Iteration: 536 | delta: 5.031620639783796E-5
Iteration: 537 | delta: 5.031620594309061E-5
Iteration: 538 | delta: 2.0609518060155096E-5
Iteration: 539 | delta: 2.3834330932004377E-5
Iteration: 540 | delta: 4.078141728314222E-5
Iteration: 541 | delta: 1.5620953035977436E-5
Iteration: 542 | delta: 1.9067465473199263E-5
Iteration: 543 | delta: 1.614940526906139E-5
Iteration: 544 | delta: 1.9526190953911282E-5
Iteration: 545 | delta: 3.2625133826513775E-5
Iteration: 546 | delta: 1.56209529222906E-5
Iteration: 547 | delta: 1.525397237855941E-5
Iteration: 548 | delta: 4.054654937135638E-5
Iteration: 549 | delta: 1.4221838569028478E-5
Iteration: 550 | delta: 2.6100107106685755E-5
Iteration: 551 | delta: 4.025296584586613E-5
Iteration: 552 | delta: 3.24372394970851E-5
Iteration: 553 | delta: 1.3363254947051928E-5
Iteration: 554 | delta: 1.479524644310004E-5
Iteration: 555 | delta: 4.054654937135638E-5
Iteration: 556 | delta: 3.813709145106259E-5
Iteration: 557 | delta: 1.249676279257983E-5
Iteration: 558 | delta: 1.1836197131742665E-5
Iteration: 559 | delta: 1.3505079550668597E-5
Iteration: 560 | delta: 3.0509673024425865E-5
Iteration: 561 | delta: 9.997409961215453E-6
Iteration: 562 | delta: 2.4407738465015427E-5
Iteration: 563 | delta: 3.24372394970851E-5
Iteration: 564 | delta: 9.997409733841778E-6
Iteration: 565 | delta: 1.6891854102141224E-5
Iteration: 566 | delta: 7.81003382144263E-6
Iteration: 567 | delta: 1.0335619208490243E-5
Iteration: 568 | delta: 1.2203177902847528E-5
Iteration: 569 | delta: 2.594979162040545E-5
Iteration: 570 | delta: 2.0759833319061727E-5
Iteration: 571 | delta: 1.336325476586353E-5
Iteration: 572 | delta: 9.762542504176963E-6
Iteration: 573 | delta: 9.762542504176963E-6
Iteration: 574 | delta: 1.9526190783381026E-5
Iteration: 575 | delta: 8.503227945766412E-6
Iteration: 576 | delta: 1.0810787443915615E-5
Iteration: 577 | delta: 1.660786665524938E-5
Iteration: 578 | delta: 1.2496762053615385E-5
Iteration: 579 | delta: 6.248027602850925E-6
Iteration: 580 | delta: 8.648630000607227E-6
Iteration: 581 | delta: 1.3286293324199505E-5
Iteration: 582 | delta: 1.062903470483434E-5
Iteration: 583 | delta: 9.99740962015494E-6
Iteration: 584 | delta: 7.997927696123952E-6
Iteration: 585 | delta: 8.552482768209302E-6
Iteration: 586 | delta: 4.378871381049976E-6
Iteration: 587 | delta: 7.81003382144263E-6
Iteration: 588 | delta: 6.802582220188924E-6
Iteration: 589 | delta: 7.81003382144263E-6
Iteration: 590 | delta: 4.399046247272054E-6
Iteration: 591 | delta: 7.81003382144263E-6
Iteration: 592 | delta: 8.503227718392736E-6
Iteration: 593 | delta: 5.535123364097672E-6
Iteration: 594 | delta: 5.118673925608164E-6
Iteration: 595 | delta: 6.802582220188924E-6
Iteration: 596 | delta: 5.118673755077907E-6
Iteration: 597 | delta: 6.248027602850925E-6
Iteration: 598 | delta: 4.3221289161010645E-6
Iteration: 599 | delta: 3.275951144132705E-6
Iteration: 600 | delta: 5.4420659125753446E-6
Iteration: 601 | delta: 4.3536526845855406E-6
Iteration: 602 | delta: 3.2759512578195427E-6
Iteration: 603 | delta: 3.457702860032441E-6
Iteration: 604 | delta: 2.6207608243566938E-6
Iteration: 605 | delta: 6.841986078143236E-6
Iteration: 606 | delta: 1.7703438288663165E-6
Iteration: 607 | delta: 1.0856180779228453E-5
Iteration: 608 | delta: 4.428098691278137E-6
Iteration: 609 | delta: 8.68494464612013E-6
Iteration: 610 | delta: 5.558364591706777E-6
Iteration: 611 | delta: 5.4420659125753446E-6
Iteration: 612 | delta: 3.275951144132705E-6
Iteration: 613 | delta: 3.457702860032441E-6
Iteration: 614 | delta: 2.6207608243566938E-6
Iteration: 615 | delta: 2.6207608243566938E-6
Iteration: 616 | delta: 5.473588771565119E-6
Iteration: 617 | delta: 2.2767057998862583E-6
Iteration: 618 | delta: 4.378871039989463E-6
Iteration: 619 | delta: 3.482922465991578E-6
Iteration: 620 | delta: 2.6207608243566938E-6
Iteration: 621 | delta: 2.7863379727932625E-6
Iteration: 622 | delta: 2.0966087959095603E-6
Iteration: 623 | delta: 2.2290703896032937E-6
Iteration: 624 | delta: 1.7832562662079E-6
Iteration: 625 | delta: 8.587712727603503E-7
Execution time (Incremental VI): 11.567357071 seconds
Nb states discovered (env): 2830
Interactive play is only supported for TicTacToe. Skipping step-by-step display.
