Selected algorithm = POLICY_ITERATION
Selected reward strategy = ONCEANDFORALL
Selected environment = Taxi-driver
Load classical B Machine
Load success
Exploration strategy = RECURSIVE
Start exploration

End of exploration 43 | Exploration time: 0.047950403 seconds
Start learning
Iteration: 1 | policy stable: false
Iteration: 2 | policy stable: false
Iteration: 3 | policy stable: false
Iteration: 4 | policy stable: false
Iteration: 5 | policy stable: false
Iteration: 6 | policy stable: false
Iteration: 7 | policy stable: false
Iteration: 8 | policy stable: false
Iteration: 9 | policy stable: false
Iteration: 10 | policy stable: true
Execution time: 2.720510751 seconds
Nb states discovered (env): 43
Interactive play is only supported for TicTacToe. Skipping step-by-step display.
