Selected algorithm = POLICY_ITERATION
Selected reward strategy = ONCEANDFORALL
Selected environment = autoV2
Load classical B Machine
Load success
Exploration strategy = RECURSIVE
Start exploration

End of exploration 2830 | Exploration time: 1.774493656 seconds
Start learning
Iteration: 1 | policy stable: false
Iteration: 2 | policy stable: false
Iteration: 3 | policy stable: false
Iteration: 4 | policy stable: false
Iteration: 5 | policy stable: false
Iteration: 6 | policy stable: false
Iteration: 7 | policy stable: false
Iteration: 8 | policy stable: true
Execution time: 3297.621416895 seconds
Nb states discovered (env): 2830
Interactive play is only supported for TicTacToe. Skipping step-by-step display.
