Selected algorithm = VALUE_ITERATION
Selected reward strategy = ONCEANDFORALL
Selected environment = Taxi-driver
Load classical B Machine
Load success
Exploration strategy = RECURSIVE
Start exploration

End of exploration 43 | Exploration time: 0.053007331 seconds
Start learning
Iteration: 1 | delta: 1000.0
Iteration: 2 | delta: 899.0
Iteration: 3 | delta: 808.1
Iteration: 4 | delta: 726.2900000000001
Iteration: 5 | delta: 526.7554100000001
Iteration: 6 | delta: 473.0798690000001
Iteration: 7 | delta: 424.7718821000001
Iteration: 8 | delta: 381.2946938900001
Iteration: 9 | delta: 342.16522450100007
Iteration: 10 | delta: 306.94870205090007
Iteration: 11 | delta: 0.0
Execution time: 0.945824433 seconds
Nb states discovered (env): 43
Interactive play is only supported for TicTacToe. Skipping step-by-step display.
