Selected algorithm = POLICY_ITERATION
Selected reward strategy = EMBEDDED
Selected environment = Frozen_lake
Load classical B Machine
Load success
Exploration strategy = PREPROCESS
Start exploration
.Model Checking complete. No error nodes found.Total states: 45

End of exploration 44 | Exploration time: 0.018893438 seconds
Start learning
Iteration: 1 | policy stable: false
Iteration: 2 | policy stable: false
Iteration: 3 | policy stable: false
Iteration: 4 | policy stable: false
Iteration: 5 | policy stable: false
Iteration: 6 | policy stable: false
Iteration: 7 | policy stable: false
Iteration: 8 | policy stable: true
Execution time: 0.094757028 seconds
Nb states discovered (env): 44
Interactive play is only supported for TicTacToe. Skipping step-by-step display.
