Selected algorithm = MODIFIED_POLICY_ITERATION
Selected reward strategy = EMBEDDED
Selected environment = Frozen_lake
Load classical B Machine
Load success
Exploration strategy = RECURSIVE
Start exploration

End of exploration 43 | Exploration time: 0.048561402 seconds
Start learning (Modified Policy Iteration)
Iteration: 1 | policy stable: false
Iteration: 2 | policy stable: false
Iteration: 3 | policy stable: false
Iteration: 4 | policy stable: false
Iteration: 5 | policy stable: false
Iteration: 6 | policy stable: false
Iteration: 7 | policy stable: false
Iteration: 8 | policy stable: true
Execution time (MPI): 0.079252991 seconds
Nb states discovered (env): 43
Interactive play is only supported for TicTacToe. Skipping step-by-step display.
