Selected algorithm = POLICY_ITERATION
Selected reward strategy = ONCEANDFORALL
Selected environment = Moutain_Car
Load classical B Machine
de.prob.exception.ProBError: ProB returned error messages:
Error: Duplicate definition: SET_PREF_MAX_OPERATIONS.
(First appearance at Line: 4, Column: 5 in file: /home/idania/rllib4prob/target/classes/TicTacToe/rewards.def)
 (/home/idania/rllib4prob/target/classes/TicTacToe/tictac.mch:9:1 to 9:30)
Error: Duplicate definition: SET_PREF_INVARIANT_CHECKING.
(First appearance at Line: 5, Column: 5 in file: /home/idania/rllib4prob/target/classes/TicTacToe/rewards.def)
 (/home/idania/rllib4prob/target/classes/TicTacToe/tictac.mch:10:1 to 10:37)
	at de.prob.scripting.ClassicalBFactory.extract(ClassicalBFactory.java:76)
	at de.prob.scripting.Api.b_load(Api.java:127)
	at de.prob.scripting.Api.b_load(Api.java:137)
	at fr.polytech.mnia.Environment.MyProb.load(MyProb.java:47)
	at fr.polytech.mnia.Environment.Environment.<init>(Environment.java:54)
	at fr.polytech.mnia.Environment.ModelBasedEnvironment.<init>(ModelBasedEnvironment.java:11)
	at fr.polytech.mnia.Environment.TicTacToeEnvironment.<init>(TicTacToeEnvironment.java:6)
	at fr.polytech.mnia.Environment.EnvironmentFactory.create(EnvironmentFactory.java:17)
	at fr.polytech.mnia.App.main(App.java:49)
	at org.codehaus.mojo.exec.ExecJavaMojo$1.run(ExecJavaMojo.java:279)
	at java.base/java.lang.Thread.run(Thread.java:1583)
Caused by: de.be4.classicalb.core.parser.exceptions.BCompoundException: Duplicate definition: SET_PREF_MAX_OPERATIONS.
(First appearance at Line: 4, Column: 5 in file: /home/idania/rllib4prob/target/classes/TicTacToe/rewards.def)

	at de.be4.classicalb.core.parser.BParser.parseInternal(BParser.java:406)
	at de.be4.classicalb.core.parser.BParser.parseWithPreParsing(BParser.java:436)
	at de.be4.classicalb.core.parser.BParser.parseMachine(BParser.java:459)
	at de.be4.classicalb.core.parser.BParser.parseFile(BParser.java:147)
	at de.prob.scripting.ClassicalBFactory.extract(ClassicalBFactory.java:69)
	... 10 more
Caused by: de.be4.classicalb.core.parser.exceptions.CheckException: Duplicate definition: SET_PREF_MAX_OPERATIONS.
(First appearance at Line: 4, Column: 5 in file: /home/idania/rllib4prob/target/classes/TicTacToe/rewards.def)

	at de.be4.classicalb.core.parser.analysis.checking.DefinitionCollector.addDefinition(DefinitionCollector.java:97)
	at de.be4.classicalb.core.parser.analysis.checking.DefinitionCollector.access$000(DefinitionCollector.java:34)
	at de.be4.classicalb.core.parser.analysis.checking.DefinitionCollector$1.caseAExpressionDefinitionDefinition(DefinitionCollector.java:80)
	at de.be4.classicalb.core.parser.node.AExpressionDefinitionDefinition.apply(AExpressionDefinitionDefinition.java:51)
	at de.be4.classicalb.core.parser.analysis.DepthFirstAdapter.caseADefinitionsMachineClause(DepthFirstAdapter.java:864)
	at de.be4.classicalb.core.parser.node.ADefinitionsMachineClause.apply(ADefinitionsMachineClause.java:41)
	at de.be4.classicalb.core.parser.analysis.checking.DefinitionCollector.caseADefinitionsMachineClause(DefinitionCollector.java:53)
	at de.be4.classicalb.core.parser.node.ADefinitionsMachineClause.apply(ADefinitionsMachineClause.java:41)
	at de.be4.classicalb.core.parser.analysis.DepthFirstAdapter.caseAAbstractMachineParseUnit(DepthFirstAdapter.java:116)
	at de.be4.classicalb.core.parser.node.AAbstractMachineParseUnit.apply(AAbstractMachineParseUnit.java:51)
	at de.be4.classicalb.core.parser.analysis.DepthFirstAdapter.caseStart(DepthFirstAdapter.java:32)
	at de.be4.classicalb.core.parser.node.Start.apply(Start.java:39)
	at de.be4.classicalb.core.parser.analysis.checking.DefinitionCollector.collectDefinitions(DefinitionCollector.java:44)
	at de.be4.classicalb.core.parser.BParser.parseInternal(BParser.java:382)
	... 14 more
[ERROR] Failed to execute goal org.codehaus.mojo:exec-maven-plugin:3.1.0:java (default-cli) on project rl-lib: An exception occurred while executing the Java class. Cannot invoke "de.prob.statespace.StateSpace.getRoot()" because the return value of "fr.polytech.mnia.Environment.MyProb.getStateSpace()" is null -> [Help 1]
[ERROR] 
[ERROR] To see the full stack trace of the errors, re-run Maven with the -e switch.
[ERROR] Re-run Maven using the -X switch to enable full debug logging.
[ERROR] 
[ERROR] For more information about the errors and possible solutions, please read the following articles:
[ERROR] [Help 1] http://cwiki.apache.org/confluence/display/MAVEN/MojoExecutionException
